<?xml version="1.0" encoding="UTF-8"?>
<coverage generated="1779661216178" clover="3.2.0">
  <project timestamp="1779661216178" name="All files">
    <metrics statements="89" coveredstatements="64" conditionals="23" coveredconditionals="14" methods="15" coveredmethods="11" elements="127" coveredelements="89" complexity="0" loc="89" ncloc="89" packages="1" files="3" classes="3"/>
    <file name="file-utils.js" path="/Users/wyattanderson/Documents/Projects/Showcase/Portfolio.worktrees/agents-cms-streamlining-and-optimization/cms/lib/file-utils.js">
      <metrics statements="51" coveredstatements="29" conditionals="5" coveredconditionals="1" methods="8" coveredmethods="5"/>
      <line num="1" count="1" type="stmt"/>
      <line num="2" count="1" type="stmt"/>
      <line num="3" count="1" type="stmt"/>
      <line num="5" count="1" type="stmt"/>
      <line num="12" count="5" type="stmt"/>
      <line num="14" count="5" type="stmt"/>
      <line num="16" count="5" type="stmt"/>
      <line num="19" count="5" type="stmt"/>
      <line num="21" count="5" type="stmt"/>
      <line num="24" count="0" type="stmt"/>
      <line num="25" count="0" type="stmt"/>
      <line num="29" count="0" type="stmt"/>
      <line num="37" count="4" type="stmt"/>
      <line num="44" count="1" type="stmt"/>
      <line num="46" count="1" type="stmt"/>
      <line num="48" count="1" type="stmt"/>
      <line num="49" count="1" type="stmt"/>
      <line num="51" count="1" type="stmt"/>
      <line num="52" count="1" type="stmt"/>
      <line num="54" count="1" type="stmt"/>
      <line num="55" count="1" type="stmt"/>
      <line num="57" count="0" type="stmt"/>
      <line num="58" count="0" type="stmt"/>
      <line num="66" count="1" type="stmt"/>
      <line num="67" count="1" type="stmt"/>
      <line num="68" count="1" type="stmt"/>
      <line num="69" count="15" type="stmt"/>
      <line num="73" count="1" type="cond" truecount="1" falsecount="1"/>
      <line num="74" count="1" type="stmt"/>
      <line num="76" count="1" type="stmt"/>
      <line num="77" count="5" type="stmt"/>
      <line num="78" count="5" type="stmt"/>
      <line num="81" count="1" type="stmt"/>
      <line num="84" count="0" type="stmt"/>
      <line num="85" count="0" type="stmt"/>
      <line num="93" count="0" type="stmt"/>
      <line num="94" count="0" type="stmt"/>
      <line num="95" count="0" type="stmt"/>
      <line num="96" count="0" type="stmt"/>
      <line num="100" count="0" type="stmt"/>
      <line num="102" count="0" type="cond" truecount="0" falsecount="2"/>
      <line num="103" count="0" type="stmt"/>
      <line num="105" count="0" type="stmt"/>
      <line num="113" count="0" type="stmt"/>
      <line num="114" count="0" type="stmt"/>
      <line num="115" count="0" type="stmt"/>
      <line num="116" count="0" type="stmt"/>
      <line num="117" count="0" type="stmt"/>
      <line num="119" count="0" type="stmt"/>
      <line num="120" count="0" type="stmt"/>
      <line num="124" count="1" type="stmt"/>
    </file>
    <file name="sanitization.js" path="/Users/wyattanderson/Documents/Projects/Showcase/Portfolio.worktrees/agents-cms-streamlining-and-optimization/cms/lib/sanitization.js">
      <metrics statements="24" coveredstatements="21" conditionals="14" coveredconditionals="9" methods="5" coveredmethods="4"/>
      <line num="1" count="1" type="stmt"/>
      <line num="2" count="1" type="stmt"/>
      <line num="4" count="1" type="stmt"/>
      <line num="9" count="1" type="stmt"/>
      <line num="26" count="10" type="cond" truecount="2" falsecount="0"/>
      <line num="27" count="3" type="stmt"/>
      <line num="30" count="7" type="stmt"/>
      <line num="31" count="7" type="stmt"/>
      <line num="32" count="7" type="stmt"/>
      <line num="33" count="7" type="stmt"/>
      <line num="35" count="0" type="stmt"/>
      <line num="36" count="0" type="stmt"/>
      <line num="46" count="2" type="cond" truecount="3" falsecount="1"/>
      <line num="47" count="0" type="stmt"/>
      <line num="50" count="2" type="stmt"/>
      <line num="53" count="2" type="cond" truecount="1" falsecount="1"/>
      <line num="54" count="2" type="stmt"/>
      <line num="62" count="2" type="cond" truecount="1" falsecount="1"/>
      <line num="63" count="2" type="stmt"/>
      <line num="70" count="2" type="cond" truecount="1" falsecount="1"/>
      <line num="71" count="2" type="stmt"/>
      <line num="77" count="2" type="stmt"/>
      <line num="78" count="2" type="stmt"/>
      <line num="81" count="1" type="stmt"/>
    </file>
    <file name="validation.js" path="/Users/wyattanderson/Documents/Projects/Showcase/Portfolio.worktrees/agents-cms-streamlining-and-optimization/cms/lib/validation.js">
      <metrics statements="14" coveredstatements="14" conditionals="4" coveredconditionals="4" methods="2" coveredmethods="2"/>
      <line num="1" count="1" type="stmt"/>
      <line num="2" count="1" type="stmt"/>
      <line num="4" count="1" type="stmt"/>
      <line num="5" count="1" type="stmt"/>
      <line num="10" count="1" type="stmt"/>
      <line num="87" count="1" type="stmt"/>
      <line num="95" count="7" type="stmt"/>
      <line num="97" count="7" type="cond" truecount="2" falsecount="0"/>
      <line num="98" count="6" type="stmt"/>
      <line num="99" count="6" type="stmt"/>
      <line num="101" count="6" type="stmt"/>
      <line num="109" count="1" type="stmt"/>
      <line num="110" count="1" type="stmt"/>
      <line num="113" count="1" type="stmt"/>
    </file>
  </project>
</coverage>
