{"/Users/wyattanderson/Documents/Projects/Showcase/Portfolio.worktrees/agents-cms-streamlining-and-optimization/cms/lib/file-utils.js": {"path":"/Users/wyattanderson/Documents/Projects/Showcase/Portfolio.worktrees/agents-cms-streamlining-and-optimization/cms/lib/file-utils.js","statementMap":{"0":{"start":{"line":1,"column":11},"end":{"line":1,"column":33}},"1":{"start":{"line":2,"column":13},"end":{"line":2,"column":28}},"2":{"start":{"line":3,"column":13},"end":{"line":3,"column":28}},"3":{"start":{"line":5,"column":15},"end":{"line":5,"column":21}},"4":{"start":{"line":12,"column":18},"end":{"line":12,"column":35}},"5":{"start":{"line":14,"column":2},"end":{"line":30,"column":3}},"6":{"start":{"line":16,"column":4},"end":{"line":16,"column":50}},"7":{"start":{"line":19,"column":4},"end":{"line":19,"column":39}},"8":{"start":{"line":21,"column":4},"end":{"line":21,"column":57}},"9":{"start":{"line":24,"column":4},"end":{"line":28,"column":5}},"10":{"start":{"line":25,"column":6},"end":{"line":25,"column":31}},"11":{"start":{"line":29,"column":4},"end":{"line":29,"column":16}},"12":{"start":{"line":37,"column":2},"end":{"line":37,"column":40}},"13":{"start":{"line":44,"column":2},"end":{"line":59,"column":3}},"14":{"start":{"line":46,"column":4},"end":{"line":46,"column":51}},"15":{"start":{"line":48,"column":22},"end":{"line":48,"column":68}},"16":{"start":{"line":49,"column":23},"end":{"line":49,"column":76}},"17":{"start":{"line":51,"column":20},"end":{"line":51,"column":46}},"18":{"start":{"line":52,"column":4},"end":{"line":52,"column":53}},"19":{"start":{"line":54,"column":4},"end":{"line":54,"column":51}},"20":{"start":{"line":55,"column":4},"end":{"line":55,"column":22}},"21":{"start":{"line":57,"column":4},"end":{"line":57,"column":66}},"22":{"start":{"line":58,"column":4},"end":{"line":58,"column":16}},"23":{"start":{"line":66,"column":2},"end":{"line":86,"column":3}},"24":{"start":{"line":67,"column":18},"end":{"line":67,"column":45}},"25":{"start":{"line":68,"column":24},"end":{"line":71,"column":16}},"26":{"start":{"line":69,"column":19},"end":{"line":69,"column":37}},"27":{"start":{"line":73,"column":4},"end":{"line":82,"column":5}},"28":{"start":{"line":74,"column":23},"end":{"line":74,"column":51}},"29":{"start":{"line":76,"column":6},"end":{"line":79,"column":7}},"30":{"start":{"line":77,"column":8},"end":{"line":77,"column":52}},"31":{"start":{"line":78,"column":8},"end":{"line":78,"column":53}},"32":{"start":{"line":81,"column":6},"end":{"line":81,"column":94}},"33":{"start":{"line":84,"column":4},"end":{"line":84,"column":65}},"34":{"start":{"line":85,"column":4},"end":{"line":85,"column":16}},"35":{"start":{"line":93,"column":2},"end":{"line":106,"column":3}},"36":{"start":{"line":94,"column":18},"end":{"line":94,"column":45}},"37":{"start":{"line":95,"column":20},"end":{"line":98,"column":16}},"38":{"start":{"line":96,"column":19},"end":{"line":96,"column":37}},"39":{"start":{"line":100,"column":4},"end":{"line":100,"column":19}},"40":{"start":{"line":102,"column":4},"end":{"line":104,"column":5}},"41":{"start":{"line":103,"column":6},"end":{"line":103,"column":16}},"42":{"start":{"line":105,"column":4},"end":{"line":105,"column":16}},"43":{"start":{"line":113,"column":2},"end":{"line":121,"column":3}},"44":{"start":{"line":114,"column":20},"end":{"line":114,"column":46}},"45":{"start":{"line":115,"column":4},"end":{"line":115,"column":43}},"46":{"start":{"line":116,"column":4},"end":{"line":116,"column":65}},"47":{"start":{"line":117,"column":4},"end":{"line":117,"column":19}},"48":{"start":{"line":119,"column":4},"end":{"line":119,"column":70}},"49":{"start":{"line":120,"column":4},"end":{"line":120,"column":16}},"50":{"start":{"line":124,"column":0},"end":{"line":131,"column":2}}},"fnMap":{"0":{"name":"atomicWrite","decl":{"start":{"line":11,"column":15},"end":{"line":11,"column":26}},"loc":{"start":{"line":11,"column":46},"end":{"line":31,"column":1}},"line":11},"1":{"name":"readFile","decl":{"start":{"line":36,"column":15},"end":{"line":36,"column":23}},"loc":{"start":{"line":36,"column":34},"end":{"line":38,"column":1}},"line":36},"2":{"name":"createBackup","decl":{"start":{"line":43,"column":15},"end":{"line":43,"column":27}},"loc":{"start":{"line":43,"column":51},"end":{"line":60,"column":1}},"line":43},"3":{"name":"rotateBackups","decl":{"start":{"line":65,"column":15},"end":{"line":65,"column":28}},"loc":{"start":{"line":65,"column":56},"end":{"line":87,"column":1}},"line":65},"4":{"name":"(anonymous_4)","decl":{"start":{"line":69,"column":14},"end":{"line":69,"column":15}},"loc":{"start":{"line":69,"column":19},"end":{"line":69,"column":37}},"line":69},"5":{"name":"listBackups","decl":{"start":{"line":92,"column":15},"end":{"line":92,"column":26}},"loc":{"start":{"line":92,"column":38},"end":{"line":107,"column":1}},"line":92},"6":{"name":"(anonymous_6)","decl":{"start":{"line":96,"column":14},"end":{"line":96,"column":15}},"loc":{"start":{"line":96,"column":19},"end":{"line":96,"column":37}},"line":96},"7":{"name":"restoreFromBackup","decl":{"start":{"line":112,"column":15},"end":{"line":112,"column":32}},"loc":{"start":{"line":112,"column":57},"end":{"line":122,"column":1}},"line":112}},"branchMap":{"0":{"loc":{"start":{"line":65,"column":40},"end":{"line":65,"column":54}},"type":"default-arg","locations":[{"start":{"line":65,"column":52},"end":{"line":65,"column":54}}],"line":65},"1":{"loc":{"start":{"line":73,"column":4},"end":{"line":82,"column":5}},"type":"if","locations":[{"start":{"line":73,"column":4},"end":{"line":82,"column":5}},{"start":{},"end":{}}],"line":73},"2":{"loc":{"start":{"line":102,"column":4},"end":{"line":104,"column":5}},"type":"if","locations":[{"start":{"line":102,"column":4},"end":{"line":104,"column":5}},{"start":{},"end":{}}],"line":102}},"s":{"0":1,"1":1,"2":1,"3":1,"4":5,"5":5,"6":5,"7":5,"8":5,"9":0,"10":0,"11":0,"12":4,"13":1,"14":1,"15":1,"16":1,"17":1,"18":1,"19":1,"20":1,"21":0,"22":0,"23":1,"24":1,"25":1,"26":15,"27":1,"28":1,"29":1,"30":5,"31":5,"32":1,"33":0,"34":0,"35":0,"36":0,"37":0,"38":0,"39":0,"40":0,"41":0,"42":0,"43":0,"44":0,"45":0,"46":0,"47":0,"48":0,"49":0,"50":1},"f":{"0":5,"1":4,"2":1,"3":1,"4":15,"5":0,"6":0,"7":0},"b":{"0":[0],"1":[1,0],"2":[0,0]},"_coverageSchema":"1a1c01bbd47fc00a2c39e90264f33305004495a9","hash":"1fe3e22e2858edbaef0d2e53fc56cd5f6686013c"}
,"/Users/wyattanderson/Documents/Projects/Showcase/Portfolio.worktrees/agents-cms-streamlining-and-optimization/cms/lib/sanitization.js": {"path":"/Users/wyattanderson/Documents/Projects/Showcase/Portfolio.worktrees/agents-cms-streamlining-and-optimization/cms/lib/sanitization.js","statementMap":{"0":{"start":{"line":1,"column":21},"end":{"line":1,"column":45}},"1":{"start":{"line":2,"column":13},"end":{"line":2,"column":28}},"2":{"start":{"line":4,"column":15},"end":{"line":4,"column":21}},"3":{"start":{"line":9,"column":24},"end":{"line":18,"column":1}},"4":{"start":{"line":26,"column":2},"end":{"line":28,"column":3}},"5":{"start":{"line":27,"column":4},"end":{"line":27,"column":14}},"6":{"start":{"line":30,"column":2},"end":{"line":37,"column":3}},"7":{"start":{"line":31,"column":18},"end":{"line":31,"column":58}},"8":{"start":{"line":32,"column":4},"end":{"line":32,"column":101}},"9":{"start":{"line":33,"column":4},"end":{"line":33,"column":17}},"10":{"start":{"line":35,"column":4},"end":{"line":35,"column":50}},"11":{"start":{"line":36,"column":4},"end":{"line":36,"column":16}},"12":{"start":{"line":46,"column":2},"end":{"line":48,"column":3}},"13":{"start":{"line":47,"column":4},"end":{"line":47,"column":19}},"14":{"start":{"line":50,"column":20},"end":{"line":50,"column":34}},"15":{"start":{"line":53,"column":2},"end":{"line":59,"column":3}},"16":{"start":{"line":54,"column":4},"end":{"line":58,"column":8}},"17":{"start":{"line":54,"column":49},"end":{"line":58,"column":5}},"18":{"start":{"line":62,"column":2},"end":{"line":67,"column":3}},"19":{"start":{"line":63,"column":4},"end":{"line":66,"column":8}},"20":{"start":{"line":63,"column":57},"end":{"line":66,"column":5}},"21":{"start":{"line":70,"column":2},"end":{"line":75,"column":3}},"22":{"start":{"line":71,"column":4},"end":{"line":74,"column":8}},"23":{"start":{"line":71,"column":60},"end":{"line":74,"column":5}},"24":{"start":{"line":77,"column":2},"end":{"line":77,"column":43}},"25":{"start":{"line":78,"column":2},"end":{"line":78,"column":19}},"26":{"start":{"line":81,"column":0},"end":{"line":84,"column":2}}},"fnMap":{"0":{"name":"sanitizeContent","decl":{"start":{"line":25,"column":9},"end":{"line":25,"column":24}},"loc":{"start":{"line":25,"column":36},"end":{"line":38,"column":1}},"line":25},"1":{"name":"sanitizeContentObject","decl":{"start":{"line":45,"column":9},"end":{"line":45,"column":30}},"loc":{"start":{"line":45,"column":40},"end":{"line":79,"column":1}},"line":45},"2":{"name":"(anonymous_2)","decl":{"start":{"line":54,"column":40},"end":{"line":54,"column":41}},"loc":{"start":{"line":54,"column":49},"end":{"line":58,"column":5}},"line":54},"3":{"name":"(anonymous_3)","decl":{"start":{"line":63,"column":46},"end":{"line":63,"column":47}},"loc":{"start":{"line":63,"column":57},"end":{"line":66,"column":5}},"line":63},"4":{"name":"(anonymous_4)","decl":{"start":{"line":71,"column":48},"end":{"line":71,"column":49}},"loc":{"start":{"line":71,"column":60},"end":{"line":74,"column":5}},"line":71}},"branchMap":{"0":{"loc":{"start":{"line":26,"column":2},"end":{"line":28,"column":3}},"type":"if","locations":[{"start":{"line":26,"column":2},"end":{"line":28,"column":3}},{"start":{},"end":{}}],"line":26},"1":{"loc":{"start":{"line":46,"column":2},"end":{"line":48,"column":3}},"type":"if","locations":[{"start":{"line":46,"column":2},"end":{"line":48,"column":3}},{"start":{},"end":{}}],"line":46},"2":{"loc":{"start":{"line":46,"column":6},"end":{"line":46,"column":45}},"type":"binary-expr","locations":[{"start":{"line":46,"column":6},"end":{"line":46,"column":14}},{"start":{"line":46,"column":18},"end":{"line":46,"column":45}}],"line":46},"3":{"loc":{"start":{"line":53,"column":2},"end":{"line":59,"column":3}},"type":"if","locations":[{"start":{"line":53,"column":2},"end":{"line":59,"column":3}},{"start":{},"end":{}}],"line":53},"4":{"loc":{"start":{"line":57,"column":15},"end":{"line":57,"column":74}},"type":"cond-expr","locations":[{"start":{"line":57,"column":30},"end":{"line":57,"column":59}},{"start":{"line":57,"column":62},"end":{"line":57,"column":74}}],"line":57},"5":{"loc":{"start":{"line":62,"column":2},"end":{"line":67,"column":3}},"type":"if","locations":[{"start":{"line":62,"column":2},"end":{"line":67,"column":3}},{"start":{},"end":{}}],"line":62},"6":{"loc":{"start":{"line":70,"column":2},"end":{"line":75,"column":3}},"type":"if","locations":[{"start":{"line":70,"column":2},"end":{"line":75,"column":3}},{"start":{},"end":{}}],"line":70}},"s":{"0":1,"1":1,"2":1,"3":1,"4":10,"5":3,"6":7,"7":7,"8":7,"9":7,"10":0,"11":0,"12":2,"13":0,"14":2,"15":2,"16":2,"17":1,"18":2,"19":2,"20":1,"21":2,"22":2,"23":0,"24":2,"25":2,"26":1},"f":{"0":10,"1":2,"2":1,"3":1,"4":0},"b":{"0":[3,7],"1":[0,2],"2":[2,2],"3":[2,0],"4":[0,1],"5":[2,0],"6":[2,0]},"_coverageSchema":"1a1c01bbd47fc00a2c39e90264f33305004495a9","hash":"2e915884793c843500e0e75e675ca73ebb6ab3b3"}
,"/Users/wyattanderson/Documents/Projects/Showcase/Portfolio.worktrees/agents-cms-streamlining-and-optimization/cms/lib/validation.js": {"path":"/Users/wyattanderson/Documents/Projects/Showcase/Portfolio.worktrees/agents-cms-streamlining-and-optimization/cms/lib/validation.js","statementMap":{"0":{"start":{"line":1,"column":12},"end":{"line":1,"column":26}},"1":{"start":{"line":2,"column":13},"end":{"line":2,"column":28}},"2":{"start":{"line":4,"column":15},"end":{"line":4,"column":21}},"3":{"start":{"line":5,"column":12},"end":{"line":5,"column":47}},"4":{"start":{"line":10,"column":22},"end":{"line":85,"column":1}},"5":{"start":{"line":87,"column":24},"end":{"line":87,"column":50}},"6":{"start":{"line":95,"column":16},"end":{"line":95,"column":37}},"7":{"start":{"line":97,"column":2},"end":{"line":107,"column":3}},"8":{"start":{"line":98,"column":4},"end":{"line":98,"column":81}},"9":{"start":{"line":99,"column":4},"end":{"line":106,"column":6}},"10":{"start":{"line":101,"column":49},"end":{"line":105,"column":7}},"11":{"start":{"line":109,"column":2},"end":{"line":109,"column":44}},"12":{"start":{"line":110,"column":2},"end":{"line":110,"column":37}},"13":{"start":{"line":113,"column":0},"end":{"line":116,"column":2}}},"fnMap":{"0":{"name":"validateContentStructure","decl":{"start":{"line":94,"column":9},"end":{"line":94,"column":33}},"loc":{"start":{"line":94,"column":40},"end":{"line":111,"column":1}},"line":94},"1":{"name":"(anonymous_1)","decl":{"start":{"line":101,"column":41},"end":{"line":101,"column":42}},"loc":{"start":{"line":101,"column":49},"end":{"line":105,"column":7}},"line":101}},"branchMap":{"0":{"loc":{"start":{"line":97,"column":2},"end":{"line":107,"column":3}},"type":"if","locations":[{"start":{"line":97,"column":2},"end":{"line":107,"column":3}},{"start":{},"end":{}}],"line":97},"1":{"loc":{"start":{"line":102,"column":14},"end":{"line":102,"column":37}},"type":"binary-expr","locations":[{"start":{"line":102,"column":14},"end":{"line":102,"column":30}},{"start":{"line":102,"column":34},"end":{"line":102,"column":37}}],"line":102}},"s":{"0":1,"1":1,"2":1,"3":1,"4":1,"5":1,"6":7,"7":7,"8":6,"9":6,"10":6,"11":1,"12":1,"13":1},"f":{"0":7,"1":6},"b":{"0":[6,1],"1":[6,1]},"_coverageSchema":"1a1c01bbd47fc00a2c39e90264f33305004495a9","hash":"feab43f65e7c8deb80fe157a9f74a320aee56db9"}
}
