TN:
SF:cms/lib/file-utils.js
FN:11,atomicWrite
FN:36,readFile
FN:43,createBackup
FN:65,rotateBackups
FN:69,(anonymous_4)
FN:92,listBackups
FN:96,(anonymous_6)
FN:112,restoreFromBackup
FNF:8
FNH:5
FNDA:5,atomicWrite
FNDA:4,readFile
FNDA:1,createBackup
FNDA:1,rotateBackups
FNDA:15,(anonymous_4)
FNDA:0,listBackups
FNDA:0,(anonymous_6)
FNDA:0,restoreFromBackup
DA:1,1
DA:2,1
DA:3,1
DA:5,1
DA:12,5
DA:14,5
DA:16,5
DA:19,5
DA:21,5
DA:24,0
DA:25,0
DA:29,0
DA:37,4
DA:44,1
DA:46,1
DA:48,1
DA:49,1
DA:51,1
DA:52,1
DA:54,1
DA:55,1
DA:57,0
DA:58,0
DA:66,1
DA:67,1
DA:68,1
DA:69,15
DA:73,1
DA:74,1
DA:76,1
DA:77,5
DA:78,5
DA:81,1
DA:84,0
DA:85,0
DA:93,0
DA:94,0
DA:95,0
DA:96,0
DA:100,0
DA:102,0
DA:103,0
DA:105,0
DA:113,0
DA:114,0
DA:115,0
DA:116,0
DA:117,0
DA:119,0
DA:120,0
DA:124,1
LF:51
LH:29
BRDA:65,0,0,0
BRDA:73,1,0,1
BRDA:73,1,1,0
BRDA:102,2,0,0
BRDA:102,2,1,0
BRF:5
BRH:1
end_of_record
TN:
SF:cms/lib/sanitization.js
FN:25,sanitizeContent
FN:45,sanitizeContentObject
FN:54,(anonymous_2)
FN:63,(anonymous_3)
FN:71,(anonymous_4)
FNF:5
FNH:4
FNDA:10,sanitizeContent
FNDA:2,sanitizeContentObject
FNDA:1,(anonymous_2)
FNDA:1,(anonymous_3)
FNDA:0,(anonymous_4)
DA:1,1
DA:2,1
DA:4,1
DA:9,1
DA:26,10
DA:27,3
DA:30,7
DA:31,7
DA:32,7
DA:33,7
DA:35,0
DA:36,0
DA:46,2
DA:47,0
DA:50,2
DA:53,2
DA:54,2
DA:62,2
DA:63,2
DA:70,2
DA:71,2
DA:77,2
DA:78,2
DA:81,1
LF:24
LH:21
BRDA:26,0,0,3
BRDA:26,0,1,7
BRDA:46,1,0,0
BRDA:46,1,1,2
BRDA:46,2,0,2
BRDA:46,2,1,2
BRDA:53,3,0,2
BRDA:53,3,1,0
BRDA:57,4,0,0
BRDA:57,4,1,1
BRDA:62,5,0,2
BRDA:62,5,1,0
BRDA:70,6,0,2
BRDA:70,6,1,0
BRF:14
BRH:9
end_of_record
TN:
SF:cms/lib/validation.js
FN:94,validateContentStructure
FN:101,(anonymous_1)
FNF:2
FNH:2
FNDA:7,validateContentStructure
FNDA:6,(anonymous_1)
DA:1,1
DA:2,1
DA:4,1
DA:5,1
DA:10,1
DA:87,1
DA:95,7
DA:97,7
DA:98,6
DA:99,6
DA:101,6
DA:109,1
DA:110,1
DA:113,1
LF:14
LH:14
BRDA:97,0,0,6
BRDA:97,0,1,1
BRDA:102,1,0,6
BRDA:102,1,1,1
BRF:4
BRH:4
end_of_record
